[ 2016-09-13T09:09:57+08:00 ] ::1 /
INFO: [ app_init ] --START--
INFO: Run Behavior\BuildLiteBehavior [ RunTime:0.000000s ]
INFO: [ app_init ] --END-- [ RunTime:0.002000s ]
INFO: [ app_begin ] --START--
INFO: Run Behavior\ReadHtmlCacheBehavior [ RunTime:0.003000s ]
INFO: [ app_begin ] --END-- [ RunTime:0.003000s ]
NOTIC: [8] Undefined index: localhost C:\wamp\www\Apps\Home\Controller\ThemeController.class.php 第 50 行.
INFO: [ view_parse ] --START--
NOTIC: [8] Undefined index: row C:\wamp\www\ThinkPHP\Library\Think\Template\TagLib\Cx.class.php 第 100 行.
SQL: SHOW COLUMNS FROM `nx_column` [ RunTime:0.0270s ]
SQL: SELECT * FROM `nx_column` WHERE `pid` = 0  [ RunTime:0.0000s ]
NOTIC: [8] Undefined variable: html C:\wamp\www\ThinkPHP\Library\Think\Template\TagLib\Cx.class.php 第 109 行.
SQL: SELECT * FROM `nx_column` WHERE `pid` = 5  [ RunTime:0.0000s ]
SQL: SELECT * FROM `nx_column` WHERE `pid` = 6  [ RunTime:0.0000s ]
SQL: SELECT * FROM `nx_column` WHERE `pid` = 7  [ RunTime:0.0000s ]
SQL: SELECT * FROM `nx_column` WHERE `pid` = 8  [ RunTime:0.0010s ]
SQL: SELECT * FROM `nx_column` WHERE `pid` = 9  [ RunTime:0.0000s ]
SQL: SELECT * FROM `nx_column` WHERE `pid` = 10  [ RunTime:0.0000s ]
SQL: SELECT * FROM `nx_column` WHERE `pid` = 11  [ RunTime:0.0010s ]
SQL: SELECT * FROM `nx_column` WHERE `pid` = 13  [ RunTime:0.0000s ]
SQL: SELECT * FROM `nx_column` WHERE `pid` = 14  [ RunTime:0.0000s ]
INFO: [ template_filter ] --START--
INFO: Run Behavior\ContentReplaceBehavior [ RunTime:0.000000s ]
INFO: [ template_filter ] --END-- [ RunTime:0.000000s ]
INFO: Run Behavior\ParseTemplateBehavior [ RunTime:0.187011s ]
INFO: [ view_parse ] --END-- [ RunTime:0.187011s ]
INFO: [ view_filter ] --START--
INFO: Run Behavior\WriteHtmlCacheBehavior [ RunTime:0.011001s ]
INFO: [ view_filter ] --END-- [ RunTime:0.011001s ]
INFO: [ app_end ] --START--
INFO: Run Behavior\ShowPageTraceBehavior [ RunTime:0.009000s ]
INFO: [ app_end ] --END-- [ RunTime:0.009000s ]

