[ 2016-09-01T17:58:14+08:00 ] ::1 /admin.php/Index/refresh.html
INFO: [ app_init ] --START--
INFO: Run Behavior\BuildLiteBehavior [ RunTime:0.000000s ]
INFO: [ app_init ] --END-- [ RunTime:0.001000s ]
INFO: [ app_begin ] --START--
INFO: Run Behavior\ReadHtmlCacheBehavior [ RunTime:0.001000s ]
INFO: [ app_begin ] --END-- [ RunTime:0.001000s ]

[ 2016-09-01T17:58:18+08:00 ] ::1 /admin.php/Index/main.html
INFO: [ app_init ] --START--
INFO: Run Behavior\BuildLiteBehavior [ RunTime:0.000000s ]
INFO: [ app_init ] --END-- [ RunTime:0.001000s ]
INFO: [ app_begin ] --START--
INFO: Run Behavior\ReadHtmlCacheBehavior [ RunTime:0.001000s ]
INFO: [ app_begin ] --END-- [ RunTime:0.002000s ]
NOTIC: [2] Missing argument 4 for curl(), called in C:\wamp\www\Apps\Admin\Controller\IndexController.class.php on line 268 and defined C:\wamp\www\Apps\Common\Common\function.php 第 11 行.
NOTIC: [8] Undefined variable: cookie C:\wamp\www\Apps\Common\Common\function.php 第 20 行.
SQL: SHOW COLUMNS FROM `nx_user` [ RunTime:0.0080s ]
SQL: SELECT COUNT(*) AS tp_count FROM `nx_user` LIMIT 1   [ RunTime:0.0000s ]
SQL: SELECT * FROM `nx_user` WHERE `username` = 'admin' LIMIT 1   [ RunTime:0.0000s ]
SQL: SELECT * FROM `nx_user` ORDER BY last_time  [ RunTime:0.0010s ]
INFO: [ view_parse ] --START--
INFO: [ template_filter ] --START--
INFO: Run Behavior\ContentReplaceBehavior [ RunTime:0.000000s ]
INFO: [ template_filter ] --END-- [ RunTime:0.000000s ]
INFO: Run Behavior\ParseTemplateBehavior [ RunTime:0.020001s ]
INFO: [ view_parse ] --END-- [ RunTime:0.020001s ]
INFO: [ view_filter ] --START--
INFO: Run Behavior\WriteHtmlCacheBehavior [ RunTime:0.001000s ]
INFO: [ view_filter ] --END-- [ RunTime:0.001000s ]
INFO: [ app_end ] --START--
INFO: Run Behavior\ShowPageTraceBehavior [ RunTime:0.001000s ]
INFO: [ app_end ] --END-- [ RunTime:0.001000s ]

