[ 2016-09-02T09:05:52+08:00 ] ::1 /admin.php/Index/refresh.html
INFO: [ app_init ] --START--
INFO: Run Behavior\BuildLiteBehavior [ RunTime:0.000000s ]
INFO: [ app_init ] --END-- [ RunTime:0.001000s ]
INFO: [ app_begin ] --START--
INFO: Run Behavior\ReadHtmlCacheBehavior [ RunTime:0.001000s ]
INFO: [ app_begin ] --END-- [ RunTime:0.001000s ]

[ 2016-09-02T09:05:53+08:00 ] ::1 /admin.php/Index/siteMenu.html
INFO: [ app_init ] --START--
INFO: Run Behavior\BuildLiteBehavior [ RunTime:0.000000s ]
INFO: [ app_init ] --END-- [ RunTime:0.001000s ]
INFO: [ app_begin ] --START--
INFO: Run Behavior\ReadHtmlCacheBehavior [ RunTime:0.001000s ]
INFO: [ app_begin ] --END-- [ RunTime:0.002000s ]
INFO: [ view_parse ] --START--
INFO: [ template_filter ] --START--
INFO: Run Behavior\ContentReplaceBehavior [ RunTime:0.001000s ]
INFO: [ template_filter ] --END-- [ RunTime:0.001000s ]
INFO: Run Behavior\ParseTemplateBehavior [ RunTime:0.011001s ]
INFO: [ view_parse ] --END-- [ RunTime:0.011001s ]
INFO: [ view_filter ] --START--
INFO: Run Behavior\WriteHtmlCacheBehavior [ RunTime:0.001000s ]
INFO: [ view_filter ] --END-- [ RunTime:0.001000s ]
INFO: [ app_end ] --START--
INFO: Run Behavior\ShowPageTraceBehavior [ RunTime:0.001000s ]
INFO: [ app_end ] --END-- [ RunTime:0.001000s ]

[ 2016-09-02T09:05:55+08:00 ] ::1 /admin.php/Column
INFO: [ app_init ] --START--
INFO: Run Behavior\BuildLiteBehavior [ RunTime:0.000000s ]
INFO: [ app_init ] --END-- [ RunTime:0.001001s ]
INFO: [ app_begin ] --START--
INFO: Run Behavior\ReadHtmlCacheBehavior [ RunTime:0.001000s ]
INFO: [ app_begin ] --END-- [ RunTime:0.002000s ]
SQL: SHOW COLUMNS FROM `nx_column` [ RunTime:0.0460s ]
SQL: SELECT `id`,`pid`,`path`,`title`,`ctime`,`description`,`display`,concat(path,'-',id) as amanpath FROM `nx_column` ORDER BY amanpath  [ RunTime:0.0340s ]
INFO: [ view_parse ] --START--
INFO: [ template_filter ] --START--
INFO: Run Behavior\ContentReplaceBehavior [ RunTime:0.001000s ]
INFO: [ template_filter ] --END-- [ RunTime:0.001000s ]
NOTIC: [2] date() expects parameter 2 to be long, string given C:\wamp\www\Runtime\Cache\Admin\06d7c75cf0883431728c4f93cafc63c1.php 第 37 行.
NOTIC: [2] date() expects parameter 2 to be long, string given C:\wamp\www\Runtime\Cache\Admin\06d7c75cf0883431728c4f93cafc63c1.php 第 37 行.
NOTIC: [2] date() expects parameter 2 to be long, string given C:\wamp\www\Runtime\Cache\Admin\06d7c75cf0883431728c4f93cafc63c1.php 第 37 行.
NOTIC: [2] date() expects parameter 2 to be long, string given C:\wamp\www\Runtime\Cache\Admin\06d7c75cf0883431728c4f93cafc63c1.php 第 37 行.
NOTIC: [2] date() expects parameter 2 to be long, string given C:\wamp\www\Runtime\Cache\Admin\06d7c75cf0883431728c4f93cafc63c1.php 第 37 行.
NOTIC: [2] date() expects parameter 2 to be long, string given C:\wamp\www\Runtime\Cache\Admin\06d7c75cf0883431728c4f93cafc63c1.php 第 37 行.
NOTIC: [2] date() expects parameter 2 to be long, string given C:\wamp\www\Runtime\Cache\Admin\06d7c75cf0883431728c4f93cafc63c1.php 第 37 行.
NOTIC: [2] date() expects parameter 2 to be long, string given C:\wamp\www\Runtime\Cache\Admin\06d7c75cf0883431728c4f93cafc63c1.php 第 37 行.
NOTIC: [2] date() expects parameter 2 to be long, string given C:\wamp\www\Runtime\Cache\Admin\06d7c75cf0883431728c4f93cafc63c1.php 第 37 行.
INFO: Run Behavior\ParseTemplateBehavior [ RunTime:0.032002s ]
INFO: [ view_parse ] --END-- [ RunTime:0.033002s ]
INFO: [ view_filter ] --START--
INFO: Run Behavior\WriteHtmlCacheBehavior [ RunTime:0.000000s ]
INFO: [ view_filter ] --END-- [ RunTime:0.000000s ]
INFO: [ app_end ] --START--
INFO: Run Behavior\ShowPageTraceBehavior [ RunTime:0.000000s ]
INFO: [ app_end ] --END-- [ RunTime:0.001000s ]

[ 2016-09-02T09:05:56+08:00 ] ::1 /admin.php/Article
INFO: [ app_init ] --START--
INFO: Run Behavior\BuildLiteBehavior [ RunTime:0.001000s ]
INFO: [ app_init ] --END-- [ RunTime:0.001000s ]
INFO: [ app_begin ] --START--
INFO: Run Behavior\ReadHtmlCacheBehavior [ RunTime:0.001000s ]
INFO: [ app_begin ] --END-- [ RunTime:0.001000s ]
SQL: SHOW COLUMNS FROM `nx_article` [ RunTime:0.0690s ]
SQL: SELECT COUNT(*) AS tp_count FROM `nx_article` ORDER BY ctime desc LIMIT 1   [ RunTime:0.0140s ]
SQL: SELECT * FROM `nx_article` ORDER BY ctime desc LIMIT 0,30   [ RunTime:0.0020s ]
SQL: SHOW COLUMNS FROM `nx_column` [ RunTime:0.0060s ]
SQL: SHOW COLUMNS FROM `nx_column` [ RunTime:0.0050s ]
SQL: SELECT `id`,`pid`,`path`,`title`,concat(path,'-',id) as amanpath FROM `nx_column` ORDER BY amanpath  [ RunTime:0.0010s ]
INFO: [ view_parse ] --START--
INFO: [ template_filter ] --START--
INFO: Run Behavior\ContentReplaceBehavior [ RunTime:0.000000s ]
INFO: [ template_filter ] --END-- [ RunTime:0.001000s ]
NOTIC: [8] Undefined index: posttime C:\wamp\www\Runtime\Cache\Admin\917a789a036e98c30801fe9e7b8bea5e.php 第 44 行.
NOTIC: [8] Undefined index: posttime C:\wamp\www\Runtime\Cache\Admin\917a789a036e98c30801fe9e7b8bea5e.php 第 44 行.
NOTIC: [8] Undefined index: posttime C:\wamp\www\Runtime\Cache\Admin\917a789a036e98c30801fe9e7b8bea5e.php 第 44 行.
NOTIC: [8] Undefined index: posttime C:\wamp\www\Runtime\Cache\Admin\917a789a036e98c30801fe9e7b8bea5e.php 第 44 行.
NOTIC: [8] Undefined index: posttime C:\wamp\www\Runtime\Cache\Admin\917a789a036e98c30801fe9e7b8bea5e.php 第 44 行.
NOTIC: [8] Undefined index: posttime C:\wamp\www\Runtime\Cache\Admin\917a789a036e98c30801fe9e7b8bea5e.php 第 44 行.
NOTIC: [8] Undefined index: posttime C:\wamp\www\Runtime\Cache\Admin\917a789a036e98c30801fe9e7b8bea5e.php 第 44 行.
NOTIC: [8] Undefined index: posttime C:\wamp\www\Runtime\Cache\Admin\917a789a036e98c30801fe9e7b8bea5e.php 第 44 行.
NOTIC: [8] Undefined index: posttime C:\wamp\www\Runtime\Cache\Admin\917a789a036e98c30801fe9e7b8bea5e.php 第 44 行.
NOTIC: [8] Undefined index: posttime C:\wamp\www\Runtime\Cache\Admin\917a789a036e98c30801fe9e7b8bea5e.php 第 44 行.
NOTIC: [8] Undefined index: posttime C:\wamp\www\Runtime\Cache\Admin\917a789a036e98c30801fe9e7b8bea5e.php 第 44 行.
NOTIC: [8] Undefined index: posttime C:\wamp\www\Runtime\Cache\Admin\917a789a036e98c30801fe9e7b8bea5e.php 第 44 行.
NOTIC: [8] Undefined index: posttime C:\wamp\www\Runtime\Cache\Admin\917a789a036e98c30801fe9e7b8bea5e.php 第 44 行.
NOTIC: [8] Undefined index: posttime C:\wamp\www\Runtime\Cache\Admin\917a789a036e98c30801fe9e7b8bea5e.php 第 44 行.
NOTIC: [8] Undefined index: posttime C:\wamp\www\Runtime\Cache\Admin\917a789a036e98c30801fe9e7b8bea5e.php 第 44 行.
NOTIC: [8] Undefined index: posttime C:\wamp\www\Runtime\Cache\Admin\917a789a036e98c30801fe9e7b8bea5e.php 第 44 行.
NOTIC: [8] Undefined index: posttime C:\wamp\www\Runtime\Cache\Admin\917a789a036e98c30801fe9e7b8bea5e.php 第 44 行.
NOTIC: [8] Undefined index: posttime C:\wamp\www\Runtime\Cache\Admin\917a789a036e98c30801fe9e7b8bea5e.php 第 44 行.
NOTIC: [8] Undefined index: posttime C:\wamp\www\Runtime\Cache\Admin\917a789a036e98c30801fe9e7b8bea5e.php 第 44 行.
NOTIC: [8] Undefined index: posttime C:\wamp\www\Runtime\Cache\Admin\917a789a036e98c30801fe9e7b8bea5e.php 第 44 行.
NOTIC: [8] Undefined index: posttime C:\wamp\www\Runtime\Cache\Admin\917a789a036e98c30801fe9e7b8bea5e.php 第 44 行.
NOTIC: [8] Undefined index: posttime C:\wamp\www\Runtime\Cache\Admin\917a789a036e98c30801fe9e7b8bea5e.php 第 44 行.
NOTIC: [8] Undefined index: posttime C:\wamp\www\Runtime\Cache\Admin\917a789a036e98c30801fe9e7b8bea5e.php 第 44 行.
NOTIC: [8] Undefined index: posttime C:\wamp\www\Runtime\Cache\Admin\917a789a036e98c30801fe9e7b8bea5e.php 第 44 行.
NOTIC: [8] Undefined index: posttime C:\wamp\www\Runtime\Cache\Admin\917a789a036e98c30801fe9e7b8bea5e.php 第 44 行.
NOTIC: [8] Undefined index: posttime C:\wamp\www\Runtime\Cache\Admin\917a789a036e98c30801fe9e7b8bea5e.php 第 44 行.
NOTIC: [8] Undefined index: posttime C:\wamp\www\Runtime\Cache\Admin\917a789a036e98c30801fe9e7b8bea5e.php 第 44 行.
NOTIC: [8] Undefined index: posttime C:\wamp\www\Runtime\Cache\Admin\917a789a036e98c30801fe9e7b8bea5e.php 第 44 行.
NOTIC: [8] Undefined index: posttime C:\wamp\www\Runtime\Cache\Admin\917a789a036e98c30801fe9e7b8bea5e.php 第 44 行.
NOTIC: [8] Undefined index: posttime C:\wamp\www\Runtime\Cache\Admin\917a789a036e98c30801fe9e7b8bea5e.php 第 44 行.
INFO: Run Behavior\ParseTemplateBehavior [ RunTime:0.036002s ]
INFO: [ view_parse ] --END-- [ RunTime:0.037002s ]
INFO: [ view_filter ] --START--
INFO: Run Behavior\WriteHtmlCacheBehavior [ RunTime:0.000000s ]
INFO: [ view_filter ] --END-- [ RunTime:0.000000s ]
INFO: [ app_end ] --START--
INFO: Run Behavior\ShowPageTraceBehavior [ RunTime:0.001001s ]
INFO: [ app_end ] --END-- [ RunTime:0.001001s ]

[ 2016-09-02T09:05:58+08:00 ] ::1 /admin.php/Article/index/pid/14
INFO: [ app_init ] --START--
INFO: Run Behavior\BuildLiteBehavior [ RunTime:0.000000s ]
INFO: [ app_init ] --END-- [ RunTime:0.000000s ]
INFO: [ app_begin ] --START--
INFO: Run Behavior\ReadHtmlCacheBehavior [ RunTime:0.000000s ]
INFO: [ app_begin ] --END-- [ RunTime:0.001000s ]
SQL: SHOW COLUMNS FROM `nx_article` [ RunTime:0.0020s ]
SQL: SELECT COUNT(*) AS tp_count FROM `nx_article` WHERE `pid` = 14 LIMIT 1   [ RunTime:0.0000s ]
SQL: SELECT * FROM `nx_article` WHERE `pid` = 14 ORDER BY ctime desc LIMIT 0,30   [ RunTime:0.0010s ]
SQL: SHOW COLUMNS FROM `nx_column` [ RunTime:0.0020s ]
SQL: SHOW COLUMNS FROM `nx_column` [ RunTime:0.0020s ]
SQL: SELECT `id`,`pid`,`path`,`title`,concat(path,'-',id) as amanpath FROM `nx_column` ORDER BY amanpath  [ RunTime:0.0000s ]
INFO: [ view_parse ] --START--
INFO: [ template_filter ] --START--
INFO: Run Behavior\ContentReplaceBehavior [ RunTime:0.000000s ]
INFO: [ template_filter ] --END-- [ RunTime:0.001000s ]
NOTIC: [8] Undefined index: posttime C:\wamp\www\Runtime\Cache\Admin\917a789a036e98c30801fe9e7b8bea5e.php 第 44 行.
NOTIC: [8] Undefined index: posttime C:\wamp\www\Runtime\Cache\Admin\917a789a036e98c30801fe9e7b8bea5e.php 第 44 行.
NOTIC: [8] Undefined index: posttime C:\wamp\www\Runtime\Cache\Admin\917a789a036e98c30801fe9e7b8bea5e.php 第 44 行.
NOTIC: [8] Undefined index: posttime C:\wamp\www\Runtime\Cache\Admin\917a789a036e98c30801fe9e7b8bea5e.php 第 44 行.
INFO: Run Behavior\ParseTemplateBehavior [ RunTime:0.010001s ]
INFO: [ view_parse ] --END-- [ RunTime:0.010001s ]
INFO: [ view_filter ] --START--
INFO: Run Behavior\WriteHtmlCacheBehavior [ RunTime:0.001000s ]
INFO: [ view_filter ] --END-- [ RunTime:0.001000s ]
INFO: [ app_end ] --START--
INFO: Run Behavior\ShowPageTraceBehavior [ RunTime:0.000000s ]
INFO: [ app_end ] --END-- [ RunTime:0.000000s ]

[ 2016-09-02T09:06:02+08:00 ] ::1 /admin.php/Article/index/pid/6
INFO: [ app_init ] --START--
INFO: Run Behavior\BuildLiteBehavior [ RunTime:0.000000s ]
INFO: [ app_init ] --END-- [ RunTime:0.000000s ]
INFO: [ app_begin ] --START--
INFO: Run Behavior\ReadHtmlCacheBehavior [ RunTime:0.001000s ]
INFO: [ app_begin ] --END-- [ RunTime:0.001000s ]
SQL: SHOW COLUMNS FROM `nx_article` [ RunTime:0.0030s ]
SQL: SELECT COUNT(*) AS tp_count FROM `nx_article` WHERE `pid` = 6 LIMIT 1   [ RunTime:0.0010s ]
SQL: SELECT * FROM `nx_article` WHERE `pid` = 6 ORDER BY ctime desc LIMIT 0,30   [ RunTime:0.0010s ]
SQL: SHOW COLUMNS FROM `nx_column` [ RunTime:0.0020s ]
SQL: SHOW COLUMNS FROM `nx_column` [ RunTime:0.0020s ]
SQL: SELECT `id`,`pid`,`path`,`title`,concat(path,'-',id) as amanpath FROM `nx_column` ORDER BY amanpath  [ RunTime:0.0000s ]
INFO: [ view_parse ] --START--
INFO: [ template_filter ] --START--
INFO: Run Behavior\ContentReplaceBehavior [ RunTime:0.000000s ]
INFO: [ template_filter ] --END-- [ RunTime:0.000000s ]
NOTIC: [8] Undefined index: posttime C:\wamp\www\Runtime\Cache\Admin\917a789a036e98c30801fe9e7b8bea5e.php 第 44 行.
NOTIC: [8] Undefined index: posttime C:\wamp\www\Runtime\Cache\Admin\917a789a036e98c30801fe9e7b8bea5e.php 第 44 行.
NOTIC: [8] Undefined index: posttime C:\wamp\www\Runtime\Cache\Admin\917a789a036e98c30801fe9e7b8bea5e.php 第 44 行.
NOTIC: [8] Undefined index: posttime C:\wamp\www\Runtime\Cache\Admin\917a789a036e98c30801fe9e7b8bea5e.php 第 44 行.
NOTIC: [8] Undefined index: posttime C:\wamp\www\Runtime\Cache\Admin\917a789a036e98c30801fe9e7b8bea5e.php 第 44 行.
NOTIC: [8] Undefined index: posttime C:\wamp\www\Runtime\Cache\Admin\917a789a036e98c30801fe9e7b8bea5e.php 第 44 行.
NOTIC: [8] Undefined index: posttime C:\wamp\www\Runtime\Cache\Admin\917a789a036e98c30801fe9e7b8bea5e.php 第 44 行.
NOTIC: [8] Undefined index: posttime C:\wamp\www\Runtime\Cache\Admin\917a789a036e98c30801fe9e7b8bea5e.php 第 44 行.
NOTIC: [8] Undefined index: posttime C:\wamp\www\Runtime\Cache\Admin\917a789a036e98c30801fe9e7b8bea5e.php 第 44 行.
NOTIC: [8] Undefined index: posttime C:\wamp\www\Runtime\Cache\Admin\917a789a036e98c30801fe9e7b8bea5e.php 第 44 行.
NOTIC: [8] Undefined index: posttime C:\wamp\www\Runtime\Cache\Admin\917a789a036e98c30801fe9e7b8bea5e.php 第 44 行.
NOTIC: [8] Undefined index: posttime C:\wamp\www\Runtime\Cache\Admin\917a789a036e98c30801fe9e7b8bea5e.php 第 44 行.
NOTIC: [8] Undefined index: posttime C:\wamp\www\Runtime\Cache\Admin\917a789a036e98c30801fe9e7b8bea5e.php 第 44 行.
NOTIC: [8] Undefined index: posttime C:\wamp\www\Runtime\Cache\Admin\917a789a036e98c30801fe9e7b8bea5e.php 第 44 行.
NOTIC: [8] Undefined index: posttime C:\wamp\www\Runtime\Cache\Admin\917a789a036e98c30801fe9e7b8bea5e.php 第 44 行.
NOTIC: [8] Undefined index: posttime C:\wamp\www\Runtime\Cache\Admin\917a789a036e98c30801fe9e7b8bea5e.php 第 44 行.
NOTIC: [8] Undefined index: posttime C:\wamp\www\Runtime\Cache\Admin\917a789a036e98c30801fe9e7b8bea5e.php 第 44 行.
NOTIC: [8] Undefined index: posttime C:\wamp\www\Runtime\Cache\Admin\917a789a036e98c30801fe9e7b8bea5e.php 第 44 行.
NOTIC: [8] Undefined index: posttime C:\wamp\www\Runtime\Cache\Admin\917a789a036e98c30801fe9e7b8bea5e.php 第 44 行.
NOTIC: [8] Undefined index: posttime C:\wamp\www\Runtime\Cache\Admin\917a789a036e98c30801fe9e7b8bea5e.php 第 44 行.
NOTIC: [8] Undefined index: posttime C:\wamp\www\Runtime\Cache\Admin\917a789a036e98c30801fe9e7b8bea5e.php 第 44 行.
NOTIC: [8] Undefined index: posttime C:\wamp\www\Runtime\Cache\Admin\917a789a036e98c30801fe9e7b8bea5e.php 第 44 行.
NOTIC: [8] Undefined index: posttime C:\wamp\www\Runtime\Cache\Admin\917a789a036e98c30801fe9e7b8bea5e.php 第 44 行.
NOTIC: [8] Undefined index: posttime C:\wamp\www\Runtime\Cache\Admin\917a789a036e98c30801fe9e7b8bea5e.php 第 44 行.
NOTIC: [8] Undefined index: posttime C:\wamp\www\Runtime\Cache\Admin\917a789a036e98c30801fe9e7b8bea5e.php 第 44 行.
NOTIC: [8] Undefined index: posttime C:\wamp\www\Runtime\Cache\Admin\917a789a036e98c30801fe9e7b8bea5e.php 第 44 行.
NOTIC: [8] Undefined index: posttime C:\wamp\www\Runtime\Cache\Admin\917a789a036e98c30801fe9e7b8bea5e.php 第 44 行.
NOTIC: [8] Undefined index: posttime C:\wamp\www\Runtime\Cache\Admin\917a789a036e98c30801fe9e7b8bea5e.php 第 44 行.
NOTIC: [8] Undefined index: posttime C:\wamp\www\Runtime\Cache\Admin\917a789a036e98c30801fe9e7b8bea5e.php 第 44 行.
NOTIC: [8] Undefined index: posttime C:\wamp\www\Runtime\Cache\Admin\917a789a036e98c30801fe9e7b8bea5e.php 第 44 行.
INFO: Run Behavior\ParseTemplateBehavior [ RunTime:0.012001s ]
INFO: [ view_parse ] --END-- [ RunTime:0.012001s ]
INFO: [ view_filter ] --START--
INFO: Run Behavior\WriteHtmlCacheBehavior [ RunTime:0.000000s ]
INFO: [ view_filter ] --END-- [ RunTime:0.000000s ]
INFO: [ app_end ] --START--
INFO: Run Behavior\ShowPageTraceBehavior [ RunTime:0.000000s ]
INFO: [ app_end ] --END-- [ RunTime:0.001000s ]

[ 2016-09-02T09:06:04+08:00 ] ::1 /admin.php/Article/index/pid/6/p/2.html
INFO: [ app_init ] --START--
INFO: Run Behavior\BuildLiteBehavior [ RunTime:0.000000s ]
INFO: [ app_init ] --END-- [ RunTime:0.001000s ]
INFO: [ app_begin ] --START--
INFO: Run Behavior\ReadHtmlCacheBehavior [ RunTime:0.001000s ]
INFO: [ app_begin ] --END-- [ RunTime:0.001000s ]
SQL: SHOW COLUMNS FROM `nx_article` [ RunTime:0.0030s ]
SQL: SELECT COUNT(*) AS tp_count FROM `nx_article` WHERE `pid` = 6 LIMIT 1   [ RunTime:0.0000s ]
SQL: SELECT * FROM `nx_article` WHERE `pid` = 6 ORDER BY ctime desc LIMIT 30,30   [ RunTime:0.0010s ]
SQL: SHOW COLUMNS FROM `nx_column` [ RunTime:0.0030s ]
SQL: SHOW COLUMNS FROM `nx_column` [ RunTime:0.0020s ]
SQL: SELECT `id`,`pid`,`path`,`title`,concat(path,'-',id) as amanpath FROM `nx_column` ORDER BY amanpath  [ RunTime:0.0000s ]
INFO: [ view_parse ] --START--
INFO: [ template_filter ] --START--
INFO: Run Behavior\ContentReplaceBehavior [ RunTime:0.000000s ]
INFO: [ template_filter ] --END-- [ RunTime:0.000000s ]
NOTIC: [8] Undefined index: posttime C:\wamp\www\Runtime\Cache\Admin\917a789a036e98c30801fe9e7b8bea5e.php 第 44 行.
NOTIC: [8] Undefined index: posttime C:\wamp\www\Runtime\Cache\Admin\917a789a036e98c30801fe9e7b8bea5e.php 第 44 行.
NOTIC: [8] Undefined index: posttime C:\wamp\www\Runtime\Cache\Admin\917a789a036e98c30801fe9e7b8bea5e.php 第 44 行.
NOTIC: [8] Undefined index: posttime C:\wamp\www\Runtime\Cache\Admin\917a789a036e98c30801fe9e7b8bea5e.php 第 44 行.
NOTIC: [8] Undefined index: posttime C:\wamp\www\Runtime\Cache\Admin\917a789a036e98c30801fe9e7b8bea5e.php 第 44 行.
NOTIC: [8] Undefined index: posttime C:\wamp\www\Runtime\Cache\Admin\917a789a036e98c30801fe9e7b8bea5e.php 第 44 行.
NOTIC: [8] Undefined index: posttime C:\wamp\www\Runtime\Cache\Admin\917a789a036e98c30801fe9e7b8bea5e.php 第 44 行.
NOTIC: [8] Undefined index: posttime C:\wamp\www\Runtime\Cache\Admin\917a789a036e98c30801fe9e7b8bea5e.php 第 44 行.
NOTIC: [8] Undefined index: posttime C:\wamp\www\Runtime\Cache\Admin\917a789a036e98c30801fe9e7b8bea5e.php 第 44 行.
NOTIC: [8] Undefined index: posttime C:\wamp\www\Runtime\Cache\Admin\917a789a036e98c30801fe9e7b8bea5e.php 第 44 行.
NOTIC: [8] Undefined index: posttime C:\wamp\www\Runtime\Cache\Admin\917a789a036e98c30801fe9e7b8bea5e.php 第 44 行.
NOTIC: [8] Undefined index: posttime C:\wamp\www\Runtime\Cache\Admin\917a789a036e98c30801fe9e7b8bea5e.php 第 44 行.
NOTIC: [8] Undefined index: posttime C:\wamp\www\Runtime\Cache\Admin\917a789a036e98c30801fe9e7b8bea5e.php 第 44 行.
NOTIC: [8] Undefined index: posttime C:\wamp\www\Runtime\Cache\Admin\917a789a036e98c30801fe9e7b8bea5e.php 第 44 行.
NOTIC: [8] Undefined index: posttime C:\wamp\www\Runtime\Cache\Admin\917a789a036e98c30801fe9e7b8bea5e.php 第 44 行.
NOTIC: [8] Undefined index: posttime C:\wamp\www\Runtime\Cache\Admin\917a789a036e98c30801fe9e7b8bea5e.php 第 44 行.
NOTIC: [8] Undefined index: posttime C:\wamp\www\Runtime\Cache\Admin\917a789a036e98c30801fe9e7b8bea5e.php 第 44 行.
NOTIC: [8] Undefined index: posttime C:\wamp\www\Runtime\Cache\Admin\917a789a036e98c30801fe9e7b8bea5e.php 第 44 行.
NOTIC: [8] Undefined index: posttime C:\wamp\www\Runtime\Cache\Admin\917a789a036e98c30801fe9e7b8bea5e.php 第 44 行.
NOTIC: [8] Undefined index: posttime C:\wamp\www\Runtime\Cache\Admin\917a789a036e98c30801fe9e7b8bea5e.php 第 44 行.
NOTIC: [8] Undefined index: posttime C:\wamp\www\Runtime\Cache\Admin\917a789a036e98c30801fe9e7b8bea5e.php 第 44 行.
NOTIC: [8] Undefined index: posttime C:\wamp\www\Runtime\Cache\Admin\917a789a036e98c30801fe9e7b8bea5e.php 第 44 行.
NOTIC: [8] Undefined index: posttime C:\wamp\www\Runtime\Cache\Admin\917a789a036e98c30801fe9e7b8bea5e.php 第 44 行.
NOTIC: [8] Undefined index: posttime C:\wamp\www\Runtime\Cache\Admin\917a789a036e98c30801fe9e7b8bea5e.php 第 44 行.
NOTIC: [8] Undefined index: posttime C:\wamp\www\Runtime\Cache\Admin\917a789a036e98c30801fe9e7b8bea5e.php 第 44 行.
NOTIC: [8] Undefined index: posttime C:\wamp\www\Runtime\Cache\Admin\917a789a036e98c30801fe9e7b8bea5e.php 第 44 行.
NOTIC: [8] Undefined index: posttime C:\wamp\www\Runtime\Cache\Admin\917a789a036e98c30801fe9e7b8bea5e.php 第 44 行.
NOTIC: [8] Undefined index: posttime C:\wamp\www\Runtime\Cache\Admin\917a789a036e98c30801fe9e7b8bea5e.php 第 44 行.
NOTIC: [8] Undefined index: posttime C:\wamp\www\Runtime\Cache\Admin\917a789a036e98c30801fe9e7b8bea5e.php 第 44 行.
NOTIC: [8] Undefined index: posttime C:\wamp\www\Runtime\Cache\Admin\917a789a036e98c30801fe9e7b8bea5e.php 第 44 行.
INFO: Run Behavior\ParseTemplateBehavior [ RunTime:0.013001s ]
INFO: [ view_parse ] --END-- [ RunTime:0.013001s ]
INFO: [ view_filter ] --START--
INFO: Run Behavior\WriteHtmlCacheBehavior [ RunTime:0.001000s ]
INFO: [ view_filter ] --END-- [ RunTime:0.001000s ]
INFO: [ app_end ] --START--
INFO: Run Behavior\ShowPageTraceBehavior [ RunTime:0.001000s ]
INFO: [ app_end ] --END-- [ RunTime:0.001000s ]

[ 2016-09-02T09:06:06+08:00 ] ::1 /admin.php/Article/index/pid/6/p/3.html
INFO: [ app_init ] --START--
INFO: Run Behavior\BuildLiteBehavior [ RunTime:0.000000s ]
INFO: [ app_init ] --END-- [ RunTime:0.001000s ]
INFO: [ app_begin ] --START--
INFO: Run Behavior\ReadHtmlCacheBehavior [ RunTime:0.001000s ]
INFO: [ app_begin ] --END-- [ RunTime:0.001000s ]
SQL: SHOW COLUMNS FROM `nx_article` [ RunTime:0.0020s ]
SQL: SELECT COUNT(*) AS tp_count FROM `nx_article` WHERE `pid` = 6 LIMIT 1   [ RunTime:0.0000s ]
SQL: SELECT * FROM `nx_article` WHERE `pid` = 6 ORDER BY ctime desc LIMIT 60,30   [ RunTime:0.0010s ]
SQL: SHOW COLUMNS FROM `nx_column` [ RunTime:0.0010s ]
SQL: SHOW COLUMNS FROM `nx_column` [ RunTime:0.0020s ]
SQL: SELECT `id`,`pid`,`path`,`title`,concat(path,'-',id) as amanpath FROM `nx_column` ORDER BY amanpath  [ RunTime:0.0010s ]
INFO: [ view_parse ] --START--
INFO: [ template_filter ] --START--
INFO: Run Behavior\ContentReplaceBehavior [ RunTime:0.000000s ]
INFO: [ template_filter ] --END-- [ RunTime:0.000000s ]
NOTIC: [8] Undefined index: posttime C:\wamp\www\Runtime\Cache\Admin\917a789a036e98c30801fe9e7b8bea5e.php 第 44 行.
NOTIC: [8] Undefined index: posttime C:\wamp\www\Runtime\Cache\Admin\917a789a036e98c30801fe9e7b8bea5e.php 第 44 行.
NOTIC: [8] Undefined index: posttime C:\wamp\www\Runtime\Cache\Admin\917a789a036e98c30801fe9e7b8bea5e.php 第 44 行.
NOTIC: [8] Undefined index: posttime C:\wamp\www\Runtime\Cache\Admin\917a789a036e98c30801fe9e7b8bea5e.php 第 44 行.
NOTIC: [8] Undefined index: posttime C:\wamp\www\Runtime\Cache\Admin\917a789a036e98c30801fe9e7b8bea5e.php 第 44 行.
NOTIC: [8] Undefined index: posttime C:\wamp\www\Runtime\Cache\Admin\917a789a036e98c30801fe9e7b8bea5e.php 第 44 行.
NOTIC: [8] Undefined index: posttime C:\wamp\www\Runtime\Cache\Admin\917a789a036e98c30801fe9e7b8bea5e.php 第 44 行.
NOTIC: [8] Undefined index: posttime C:\wamp\www\Runtime\Cache\Admin\917a789a036e98c30801fe9e7b8bea5e.php 第 44 行.
NOTIC: [8] Undefined index: posttime C:\wamp\www\Runtime\Cache\Admin\917a789a036e98c30801fe9e7b8bea5e.php 第 44 行.
NOTIC: [8] Undefined index: posttime C:\wamp\www\Runtime\Cache\Admin\917a789a036e98c30801fe9e7b8bea5e.php 第 44 行.
NOTIC: [8] Undefined index: posttime C:\wamp\www\Runtime\Cache\Admin\917a789a036e98c30801fe9e7b8bea5e.php 第 44 行.
NOTIC: [8] Undefined index: posttime C:\wamp\www\Runtime\Cache\Admin\917a789a036e98c30801fe9e7b8bea5e.php 第 44 行.
NOTIC: [8] Undefined index: posttime C:\wamp\www\Runtime\Cache\Admin\917a789a036e98c30801fe9e7b8bea5e.php 第 44 行.
NOTIC: [8] Undefined index: posttime C:\wamp\www\Runtime\Cache\Admin\917a789a036e98c30801fe9e7b8bea5e.php 第 44 行.
INFO: Run Behavior\ParseTemplateBehavior [ RunTime:0.011001s ]
INFO: [ view_parse ] --END-- [ RunTime:0.011001s ]
INFO: [ view_filter ] --START--
INFO: Run Behavior\WriteHtmlCacheBehavior [ RunTime:0.000000s ]
INFO: [ view_filter ] --END-- [ RunTime:0.001000s ]
INFO: [ app_end ] --START--
INFO: Run Behavior\ShowPageTraceBehavior [ RunTime:0.000000s ]
INFO: [ app_end ] --END-- [ RunTime:0.000000s ]

